<?xml version="1.0" encoding="UTF-8"?>
<!-- Generated by org.testng.reporters.JUnitXMLReporter -->
<testsuite hostname="jop55-dt" name="FS_AllTest" tests="6" failures="6" timestamp="15 Jul 2016 18:31:15 GMT" time="133.436" errors="0">
  <testcase name="test_risk_viewer_sc" time="61.467" classname="test.java.FS_RAViewer_SC">
    <failure type="java.lang.AssertionError" message="timeout">
      <![CDATA[java.lang.AssertionError: timeout
	at org.junit.Assert.fail(Assert.java:88)
	at test.java.FS_RAViewer_SC.test_risk_viewer_sc(FS_RAViewer_SC.java:40)
	at java.util.concurrent.ThreadPoolExecutor.runWorker(ThreadPoolExecutor.java:1142)
	at java.util.concurrent.ThreadPoolExecutor$Worker.run(ThreadPoolExecutor.java:617)
	at java.lang.Thread.run(Thread.java:745)
... Removed 10 stack frames]]>
    </failure>
  </testcase> <!-- test_risk_viewer_sc -->
  <testcase name="test_risk_viewer_hp" time="61.467" classname="test.java.FS_RAViewer_HP">
    <failure type="java.lang.AssertionError" message="timeout">
      <![CDATA[java.lang.AssertionError: timeout
	at org.junit.Assert.fail(Assert.java:88)
	at test.java.FS_RAViewer_HP.test_risk_viewer_hp(FS_RAViewer_HP.java:40)
	at java.util.concurrent.ThreadPoolExecutor.runWorker(ThreadPoolExecutor.java:1142)
	at java.util.concurrent.ThreadPoolExecutor$Worker.run(ThreadPoolExecutor.java:617)
	at java.lang.Thread.run(Thread.java:745)
... Removed 10 stack frames]]>
    </failure>
  </testcase> <!-- test_risk_viewer_hp -->
  <testcase name="test_risk_viewer_cbp" time="61.466" classname="test.java.FS_RAViewer_CBP">
    <failure type="java.lang.AssertionError" message="timeout">
      <![CDATA[java.lang.AssertionError: timeout
	at org.junit.Assert.fail(Assert.java:88)
	at test.java.FS_RAViewer_CBP.test_risk_viewer_cbp(FS_RAViewer_CBP.java:40)
	at java.util.concurrent.ThreadPoolExecutor.runWorker(ThreadPoolExecutor.java:1142)
	at java.util.concurrent.ThreadPoolExecutor$Worker.run(ThreadPoolExecutor.java:617)
	at java.lang.Thread.run(Thread.java:745)
... Removed 10 stack frames]]>
    </failure>
  </testcase> <!-- test_risk_viewer_cbp -->
  <testcase name="test_risk_viewer_sp" time="61.762" classname="test.java.FS_RAViewer_SP">
    <failure type="java.lang.AssertionError" message="timeout">
      <![CDATA[java.lang.AssertionError: timeout
	at org.junit.Assert.fail(Assert.java:88)
	at test.java.FS_RAViewer_SP.test_risk_viewer_sp(FS_RAViewer_SP.java:40)
	at java.util.concurrent.ThreadPoolExecutor.runWorker(ThreadPoolExecutor.java:1142)
	at java.util.concurrent.ThreadPoolExecutor$Worker.run(ThreadPoolExecutor.java:617)
	at java.lang.Thread.run(Thread.java:745)
... Removed 10 stack frames]]>
    </failure>
  </testcase> <!-- test_risk_viewer_sp -->
  <testcase name="test_risk_viewer_cp" time="63.564" classname="test.java.FS_RAViewer_CP">
    <failure type="java.lang.AssertionError" message="timeout">
      <![CDATA[java.lang.AssertionError: timeout
	at org.junit.Assert.fail(Assert.java:88)
	at test.java.FS_RAViewer_CP.test_risk_viewer_cp(FS_RAViewer_CP.java:76)
	at java.util.concurrent.ThreadPoolExecutor.runWorker(ThreadPoolExecutor.java:1142)
	at java.util.concurrent.ThreadPoolExecutor$Worker.run(ThreadPoolExecutor.java:617)
	at java.lang.Thread.run(Thread.java:745)
... Removed 10 stack frames]]>
    </failure>
  </testcase> <!-- test_risk_viewer_cp -->
  <testcase name="test_risk_viewer_cp_asrc" time="61.335" classname="test.java.FS_RAViewer_CP_ASRC">
    <failure type="java.lang.AssertionError" message="timeout">
      <![CDATA[java.lang.AssertionError: timeout
	at org.junit.Assert.fail(Assert.java:88)
	at test.java.FS_RAViewer_CP_ASRC.test_risk_viewer_cp_asrc(FS_RAViewer_CP_ASRC.java:42)
	at java.util.concurrent.ThreadPoolExecutor.runWorker(ThreadPoolExecutor.java:1142)
	at java.util.concurrent.ThreadPoolExecutor$Worker.run(ThreadPoolExecutor.java:617)
	at java.lang.Thread.run(Thread.java:745)
... Removed 10 stack frames]]>
    </failure>
  </testcase> <!-- test_risk_viewer_cp_asrc -->
</testsuite> <!-- FS_AllTest -->
